<?xml version="1.0" encoding="UTF-8"?>
<!-- Generated by org.testng.reporters.JUnitReportReporter -->
<testsuite hostname="IN-2M5WDK3" failures="0" tests="1" name="com.newyorktimes.ITtests.Footer_Test" time="0.337" errors="0" timestamp="2024-08-04T12:59:57 IST" skipped="0">
  <testcase classname="com.newyorktimes.ITtests.Footer_Test" name="verifyNewspaperSections" time="0.337"/>
</testsuite> <!-- com.newyorktimes.ITtests.Footer_Test -->
