<?xml version="1.0" encoding="UTF-8"?>
<!-- Generated by org.testng.reporters.JUnitReportReporter -->
<testsuite hostname="IN-2M5WDK3" failures="0" tests="1" name="com.newyorktimes.ITtests.Login_Test" time="5.627" errors="0" timestamp="2024-08-04T12:52:51 IST" skipped="0">
  <testcase classname="com.newyorktimes.ITtests.Login_Test" name="loginTest" time="5.627"/>
</testsuite> <!-- com.newyorktimes.ITtests.Login_Test -->
