<?xml version="1.0" encoding="UTF-8"?>
<!-- Generated by org.testng.reporters.JUnitReportReporter -->
<testsuite hostname="IN-2M5WDK3" failures="0" tests="1" name="com.newyorktimes.ITtests.NewsDate_Test" time="0.070" errors="0" timestamp="2024-08-04T13:15:42 IST" skipped="0">
  <testcase classname="com.newyorktimes.ITtests.NewsDate_Test" name="verifyNewsDate" time="0.070"/>
</testsuite> <!-- com.newyorktimes.ITtests.NewsDate_Test -->
