<?xml version="1.0" encoding="UTF-8"?>
<!-- Generated by org.testng.reporters.JUnitReportReporter -->
<testsuite hostname="IN-2M5WDK3" failures="0" tests="1" name="com.newyorktimes.ITtests.NavigationMenu_Test" time="0.774" errors="0" timestamp="2024-08-04T13:00:57 IST" skipped="0">
  <testcase classname="com.newyorktimes.ITtests.NavigationMenu_Test" name="verifyNewspaperNavigationMenu" time="0.774"/>
</testsuite> <!-- com.newyorktimes.ITtests.NavigationMenu_Test -->
